Arguments: 
  /usr/local/Cellar/node/9.5.0/bin/node /usr/local/bin/yarn start:prod

PATH: 
  /Users/shamsali/bin:/usr/local/bin:/usr/local/bin:/usr/bin:/bin:/usr/sbin:/sbin:/Users/shamsali/.meteor

Yarn version: 
  1.4.0

Node version: 
  9.5.0

Platform: 
  darwin x64

npm manifest: 
  {
    "name": "server",
    "version": "0.0.0",
    "private": true,
    "scripts": {
      "start": "nodemon ./bin/www",
      "start:prod": "node ./bin/www"
    },
    "dependencies": {
      "bcrypt": "^1.0.3",
      "bcrypt-promise": "^2.0.0",
      "bluebird": "^3.5.1",
      "cookie-parser": "~1.4.3",
      "debug": "~2.6.9",
      "dotenv": "^5.0.0",
      "express": "^4.16.2",
      "jade": "~1.11.0",
      "lodash": "^4.17.5",
      "mongoose": "^5.0.1",
      "morgan": "~1.9.0",
      "parse-error": "^0.2.0",
      "passport": "^0.4.0",
      "passport-jwt": "^3.0.0",
      "serve-favicon": "~2.4.5",
      "validator": "^9.2.0"
    }
  }

yarn manifest: 
  No manifest

Lockfile: 
  No lockfile

Trace: 
  Error: Command failed.
  Exit code: 1
  Command: sh
  Arguments: -c node ./bin/www
  Directory: /Users/shamsali/Documents/MyProjects/newregistrationpropject/server
  Output:
  
      at ProcessTermError.MessageError (/usr/local/lib/node_modules/yarn/lib/cli.js:186:110)
      at new ProcessTermError (/usr/local/lib/node_modules/yarn/lib/cli.js:226:113)
      at ChildProcess.<anonymous> (/usr/local/lib/node_modules/yarn/lib/cli.js:30822:17)
      at ChildProcess.emit (events.js:160:13)
      at maybeClose (internal/child_process.js:943:16)
      at Process.ChildProcess._handle.onexit (internal/child_process.js:220:5)
